<!DOCTYPE html>
<html lang="en" xmlns="http://www.w3.org/1999/html">

<head>
    <meta charset="UTF-8"></meta>
    <title>Test Report</title>
    <script src="js/jquery-3.5.1/jquery-3.5.1.min.js"></script>
    <script src="js/bootstrap-4.5.0-dist/js/bootstrap.min.js"></script>
    <script src="js/echarts/echarts.min.js"></script>
    <link rel="stylesheet" href="js/bootstrap-4.5.0-dist/css/bootstrap.min.css"/>
    <link rel="stylesheet" href="https://cdn.datatables.net/1.10.21/css/jquery.dataTables.min.css">
    <script src="https://cdn.datatables.net/1.10.21/js/jquery.dataTables.min.js"></script>
    <style>
        body {
            background: #fdfcf8;
            font-family: 'Lato','Roboto',Arial,Tahoma,sans-serif;
        }

        span {
            font-weight: bold;
        }

        .row {
            margin-top: 20px;
        }
        #summary{
            height:400px;

        }

        .content{
            border-top: solid 1px #ddd;
            background-color: #fff;
        }
        .title{
            margin-top: 20px;
            text-align:center;
            font-size:2em;
        }

        .table-responsive {
            overflow-x: hidden !important;
        }

        td.details-control {
            background: url('js/icons/details_open.png') no-repeat center center;
            cursor: pointer;
        }

        tr.details td.details-control {
            background: url('js/icons/details_close.png') no-repeat center center;
        }
    </style>
    <script>
        var exceptions = {
                                                                            1494679057: " ",
                                                148343566: " ",
                                                707861044: " ",
                                                1331594983: "org.testng.Assert.fail(Assert.java:96)<br>org.testng.Assert.failNotEquals(Assert.java:776)<br>org.testng.Assert.assertTrue(Assert.java:44)<br>org.testng.Assert.assertTrue(Assert.java:54)<br>RandomTest.printRandom(RandomTest.java:22)<br>sun.reflect.GeneratedMethodAccessor3.invoke(Unknown Source)<br>sun.reflect.DelegatingMethodAccessorImpl.invoke(DelegatingMethodAccessorImpl.java:43)<br>java.lang.reflect.Method.invoke(Method.java:498)<br>org.testng.internal.MethodInvocationHelper.invokeMethod(MethodInvocationHelper.java:124)<br>org.testng.internal.Invoker.invokeMethod(Invoker.java:583)<br>org.testng.internal.Invoker.invokeTestMethod(Invoker.java:719)<br>org.testng.internal.Invoker.invokeTestMethods(Invoker.java:989)<br>org.testng.internal.TestMethodWorker.invokeTestMethods(TestMethodWorker.java:125)<br>org.testng.internal.TestMethodWorker.run(TestMethodWorker.java:109)<br>java.util.concurrent.ThreadPoolExecutor.runWorker(ThreadPoolExecutor.java:1149)<br>java.util.concurrent.ThreadPoolExecutor$Worker.run(ThreadPoolExecutor.java:624)<br>java.lang.Thread.run(Thread.java:748)",
                                                4483934: "org.testng.Assert.fail(Assert.java:96)<br>org.testng.Assert.failNotEquals(Assert.java:776)<br>org.testng.Assert.assertTrue(Assert.java:44)<br>org.testng.Assert.assertTrue(Assert.java:54)<br>RandomTest.printRandom(RandomTest.java:22)<br>sun.reflect.GeneratedMethodAccessor3.invoke(Unknown Source)<br>sun.reflect.DelegatingMethodAccessorImpl.invoke(DelegatingMethodAccessorImpl.java:43)<br>java.lang.reflect.Method.invoke(Method.java:498)<br>org.testng.internal.MethodInvocationHelper.invokeMethod(MethodInvocationHelper.java:124)<br>org.testng.internal.Invoker.invokeMethod(Invoker.java:583)<br>org.testng.internal.Invoker.invokeTestMethod(Invoker.java:719)<br>org.testng.internal.Invoker.invokeTestMethods(Invoker.java:989)<br>org.testng.internal.TestMethodWorker.invokeTestMethods(TestMethodWorker.java:125)<br>org.testng.internal.TestMethodWorker.run(TestMethodWorker.java:109)<br>java.util.concurrent.ThreadPoolExecutor.runWorker(ThreadPoolExecutor.java:1149)<br>java.util.concurrent.ThreadPoolExecutor$Worker.run(ThreadPoolExecutor.java:624)<br>java.lang.Thread.run(Thread.java:748)",
                                                880746403: "org.testng.Assert.fail(Assert.java:96)<br>org.testng.Assert.failNotEquals(Assert.java:776)<br>org.testng.Assert.assertTrue(Assert.java:44)<br>org.testng.Assert.assertTrue(Assert.java:54)<br>RandomTest.printRandom(RandomTest.java:22)<br>sun.reflect.GeneratedMethodAccessor3.invoke(Unknown Source)<br>sun.reflect.DelegatingMethodAccessorImpl.invoke(DelegatingMethodAccessorImpl.java:43)<br>java.lang.reflect.Method.invoke(Method.java:498)<br>org.testng.internal.MethodInvocationHelper.invokeMethod(MethodInvocationHelper.java:124)<br>org.testng.internal.Invoker.invokeMethod(Invoker.java:583)<br>org.testng.internal.Invoker.invokeTestMethod(Invoker.java:719)<br>org.testng.internal.Invoker.invokeTestMethods(Invoker.java:989)<br>org.testng.internal.TestMethodWorker.invokeTestMethods(TestMethodWorker.java:125)<br>org.testng.internal.TestMethodWorker.run(TestMethodWorker.java:109)<br>java.util.concurrent.ThreadPoolExecutor.runWorker(ThreadPoolExecutor.java:1149)<br>java.util.concurrent.ThreadPoolExecutor$Worker.run(ThreadPoolExecutor.java:624)<br>java.lang.Thread.run(Thread.java:748)",
                                                373117858: " ",
                                                762283580: " ",
                                                240256596: " ",
                                                1117553210: "org.testng.Assert.fail(Assert.java:96)<br>org.testng.Assert.failNotEquals(Assert.java:776)<br>org.testng.Assert.assertTrue(Assert.java:44)<br>org.testng.Assert.assertTrue(Assert.java:54)<br>RandomTest.printRandom(RandomTest.java:22)<br>sun.reflect.GeneratedMethodAccessor3.invoke(Unknown Source)<br>sun.reflect.DelegatingMethodAccessorImpl.invoke(DelegatingMethodAccessorImpl.java:43)<br>java.lang.reflect.Method.invoke(Method.java:498)<br>org.testng.internal.MethodInvocationHelper.invokeMethod(MethodInvocationHelper.java:124)<br>org.testng.internal.Invoker.invokeMethod(Invoker.java:583)<br>org.testng.internal.Invoker.invokeTestMethod(Invoker.java:719)<br>org.testng.internal.Invoker.invokeTestMethods(Invoker.java:989)<br>org.testng.internal.TestMethodWorker.invokeTestMethods(TestMethodWorker.java:125)<br>org.testng.internal.TestMethodWorker.run(TestMethodWorker.java:109)<br>java.util.concurrent.ThreadPoolExecutor.runWorker(ThreadPoolExecutor.java:1149)<br>java.util.concurrent.ThreadPoolExecutor$Worker.run(ThreadPoolExecutor.java:624)<br>java.lang.Thread.run(Thread.java:748)",
                                                1052797320: "org.testng.Assert.fail(Assert.java:96)<br>org.testng.Assert.failNotEquals(Assert.java:776)<br>org.testng.Assert.assertTrue(Assert.java:44)<br>org.testng.Assert.assertTrue(Assert.java:54)<br>RandomTest.printRandom(RandomTest.java:22)<br>sun.reflect.GeneratedMethodAccessor3.invoke(Unknown Source)<br>sun.reflect.DelegatingMethodAccessorImpl.invoke(DelegatingMethodAccessorImpl.java:43)<br>java.lang.reflect.Method.invoke(Method.java:498)<br>org.testng.internal.MethodInvocationHelper.invokeMethod(MethodInvocationHelper.java:124)<br>org.testng.internal.Invoker.invokeMethod(Invoker.java:583)<br>org.testng.internal.Invoker.invokeTestMethod(Invoker.java:719)<br>org.testng.internal.Invoker.invokeTestMethods(Invoker.java:989)<br>org.testng.internal.TestMethodWorker.invokeTestMethods(TestMethodWorker.java:125)<br>org.testng.internal.TestMethodWorker.run(TestMethodWorker.java:109)<br>java.util.concurrent.ThreadPoolExecutor.runWorker(ThreadPoolExecutor.java:1149)<br>java.util.concurrent.ThreadPoolExecutor$Worker.run(ThreadPoolExecutor.java:624)<br>java.lang.Thread.run(Thread.java:748)",
                                                1875854858: "org.testng.Assert.fail(Assert.java:96)<br>org.testng.Assert.failNotEquals(Assert.java:776)<br>org.testng.Assert.assertTrue(Assert.java:44)<br>org.testng.Assert.assertTrue(Assert.java:54)<br>RandomTest.printRandom(RandomTest.java:22)<br>sun.reflect.GeneratedMethodAccessor3.invoke(Unknown Source)<br>sun.reflect.DelegatingMethodAccessorImpl.invoke(DelegatingMethodAccessorImpl.java:43)<br>java.lang.reflect.Method.invoke(Method.java:498)<br>org.testng.internal.MethodInvocationHelper.invokeMethod(MethodInvocationHelper.java:124)<br>org.testng.internal.Invoker.invokeMethod(Invoker.java:583)<br>org.testng.internal.Invoker.invokeTestMethod(Invoker.java:719)<br>org.testng.internal.Invoker.invokeTestMethods(Invoker.java:989)<br>org.testng.internal.TestMethodWorker.invokeTestMethods(TestMethodWorker.java:125)<br>org.testng.internal.TestMethodWorker.run(TestMethodWorker.java:109)<br>java.util.concurrent.ThreadPoolExecutor.runWorker(ThreadPoolExecutor.java:1149)<br>java.util.concurrent.ThreadPoolExecutor$Worker.run(ThreadPoolExecutor.java:624)<br>java.lang.Thread.run(Thread.java:748)",
                                                1899076865: "org.testng.Assert.fail(Assert.java:96)<br>org.testng.Assert.failNotEquals(Assert.java:776)<br>org.testng.Assert.assertTrue(Assert.java:44)<br>org.testng.Assert.assertTrue(Assert.java:54)<br>RandomTest.printRandom(RandomTest.java:22)<br>sun.reflect.GeneratedMethodAccessor3.invoke(Unknown Source)<br>sun.reflect.DelegatingMethodAccessorImpl.invoke(DelegatingMethodAccessorImpl.java:43)<br>java.lang.reflect.Method.invoke(Method.java:498)<br>org.testng.internal.MethodInvocationHelper.invokeMethod(MethodInvocationHelper.java:124)<br>org.testng.internal.Invoker.invokeMethod(Invoker.java:583)<br>org.testng.internal.Invoker.invokeTestMethod(Invoker.java:719)<br>org.testng.internal.Invoker.invokeTestMethods(Invoker.java:989)<br>org.testng.internal.TestMethodWorker.invokeTestMethods(TestMethodWorker.java:125)<br>org.testng.internal.TestMethodWorker.run(TestMethodWorker.java:109)<br>java.util.concurrent.ThreadPoolExecutor.runWorker(ThreadPoolExecutor.java:1149)<br>java.util.concurrent.ThreadPoolExecutor$Worker.run(ThreadPoolExecutor.java:624)<br>java.lang.Thread.run(Thread.java:748)",
                                                1461341263: "org.testng.Assert.fail(Assert.java:96)<br>org.testng.Assert.failNotEquals(Assert.java:776)<br>org.testng.Assert.assertTrue(Assert.java:44)<br>org.testng.Assert.assertTrue(Assert.java:54)<br>RandomTest.printRandom(RandomTest.java:22)<br>sun.reflect.GeneratedMethodAccessor3.invoke(Unknown Source)<br>sun.reflect.DelegatingMethodAccessorImpl.invoke(DelegatingMethodAccessorImpl.java:43)<br>java.lang.reflect.Method.invoke(Method.java:498)<br>org.testng.internal.MethodInvocationHelper.invokeMethod(MethodInvocationHelper.java:124)<br>org.testng.internal.Invoker.invokeMethod(Invoker.java:583)<br>org.testng.internal.Invoker.invokeTestMethod(Invoker.java:719)<br>org.testng.internal.Invoker.invokeTestMethods(Invoker.java:989)<br>org.testng.internal.TestMethodWorker.invokeTestMethods(TestMethodWorker.java:125)<br>org.testng.internal.TestMethodWorker.run(TestMethodWorker.java:109)<br>java.util.concurrent.ThreadPoolExecutor.runWorker(ThreadPoolExecutor.java:1149)<br>java.util.concurrent.ThreadPoolExecutor$Worker.run(ThreadPoolExecutor.java:624)<br>java.lang.Thread.run(Thread.java:748)",
                                                1781265165: "org.testng.Assert.fail(Assert.java:96)<br>org.testng.Assert.failNotEquals(Assert.java:776)<br>org.testng.Assert.assertTrue(Assert.java:44)<br>org.testng.Assert.assertTrue(Assert.java:54)<br>RandomTest.printRandom(RandomTest.java:22)<br>sun.reflect.GeneratedMethodAccessor3.invoke(Unknown Source)<br>sun.reflect.DelegatingMethodAccessorImpl.invoke(DelegatingMethodAccessorImpl.java:43)<br>java.lang.reflect.Method.invoke(Method.java:498)<br>org.testng.internal.MethodInvocationHelper.invokeMethod(MethodInvocationHelper.java:124)<br>org.testng.internal.Invoker.invokeMethod(Invoker.java:583)<br>org.testng.internal.Invoker.invokeTestMethod(Invoker.java:719)<br>org.testng.internal.Invoker.invokeTestMethods(Invoker.java:989)<br>org.testng.internal.TestMethodWorker.invokeTestMethods(TestMethodWorker.java:125)<br>org.testng.internal.TestMethodWorker.run(TestMethodWorker.java:109)<br>java.util.concurrent.ThreadPoolExecutor.runWorker(ThreadPoolExecutor.java:1149)<br>java.util.concurrent.ThreadPoolExecutor$Worker.run(ThreadPoolExecutor.java:624)<br>java.lang.Thread.run(Thread.java:748)",
                                                40191016: "org.testng.Assert.fail(Assert.java:96)<br>org.testng.Assert.failNotEquals(Assert.java:776)<br>org.testng.Assert.assertTrue(Assert.java:44)<br>org.testng.Assert.assertTrue(Assert.java:54)<br>RandomTest.printRandom(RandomTest.java:22)<br>sun.reflect.GeneratedMethodAccessor3.invoke(Unknown Source)<br>sun.reflect.DelegatingMethodAccessorImpl.invoke(DelegatingMethodAccessorImpl.java:43)<br>java.lang.reflect.Method.invoke(Method.java:498)<br>org.testng.internal.MethodInvocationHelper.invokeMethod(MethodInvocationHelper.java:124)<br>org.testng.internal.Invoker.invokeMethod(Invoker.java:583)<br>org.testng.internal.Invoker.invokeTestMethod(Invoker.java:719)<br>org.testng.internal.Invoker.invokeTestMethods(Invoker.java:989)<br>org.testng.internal.TestMethodWorker.invokeTestMethods(TestMethodWorker.java:125)<br>org.testng.internal.TestMethodWorker.run(TestMethodWorker.java:109)<br>java.util.concurrent.ThreadPoolExecutor.runWorker(ThreadPoolExecutor.java:1149)<br>java.util.concurrent.ThreadPoolExecutor$Worker.run(ThreadPoolExecutor.java:624)<br>java.lang.Thread.run(Thread.java:748)",
                                                849223786: " ",
                                                1167223514: "org.testng.Assert.fail(Assert.java:96)<br>org.testng.Assert.failNotEquals(Assert.java:776)<br>org.testng.Assert.assertTrue(Assert.java:44)<br>org.testng.Assert.assertTrue(Assert.java:54)<br>RandomTest.printRandom(RandomTest.java:22)<br>sun.reflect.GeneratedMethodAccessor3.invoke(Unknown Source)<br>sun.reflect.DelegatingMethodAccessorImpl.invoke(DelegatingMethodAccessorImpl.java:43)<br>java.lang.reflect.Method.invoke(Method.java:498)<br>org.testng.internal.MethodInvocationHelper.invokeMethod(MethodInvocationHelper.java:124)<br>org.testng.internal.Invoker.invokeMethod(Invoker.java:583)<br>org.testng.internal.Invoker.invokeTestMethod(Invoker.java:719)<br>org.testng.internal.Invoker.invokeTestMethods(Invoker.java:989)<br>org.testng.internal.TestMethodWorker.invokeTestMethods(TestMethodWorker.java:125)<br>org.testng.internal.TestMethodWorker.run(TestMethodWorker.java:109)<br>java.util.concurrent.ThreadPoolExecutor.runWorker(ThreadPoolExecutor.java:1149)<br>java.util.concurrent.ThreadPoolExecutor$Worker.run(ThreadPoolExecutor.java:624)<br>java.lang.Thread.run(Thread.java:748)",
                                                1845375556: "org.testng.Assert.fail(Assert.java:96)<br>org.testng.Assert.failNotEquals(Assert.java:776)<br>org.testng.Assert.assertTrue(Assert.java:44)<br>org.testng.Assert.assertTrue(Assert.java:54)<br>RandomTest.printRandom(RandomTest.java:22)<br>sun.reflect.GeneratedMethodAccessor3.invoke(Unknown Source)<br>sun.reflect.DelegatingMethodAccessorImpl.invoke(DelegatingMethodAccessorImpl.java:43)<br>java.lang.reflect.Method.invoke(Method.java:498)<br>org.testng.internal.MethodInvocationHelper.invokeMethod(MethodInvocationHelper.java:124)<br>org.testng.internal.Invoker.invokeMethod(Invoker.java:583)<br>org.testng.internal.Invoker.invokeTestMethod(Invoker.java:719)<br>org.testng.internal.Invoker.invokeTestMethods(Invoker.java:989)<br>org.testng.internal.TestMethodWorker.invokeTestMethods(TestMethodWorker.java:125)<br>org.testng.internal.TestMethodWorker.run(TestMethodWorker.java:109)<br>java.util.concurrent.ThreadPoolExecutor.runWorker(ThreadPoolExecutor.java:1149)<br>java.util.concurrent.ThreadPoolExecutor$Worker.run(ThreadPoolExecutor.java:624)<br>java.lang.Thread.run(Thread.java:748)",
                                                711034644: " ",
                                                                                                                1765764930: " ",
                                                1068305413: "org.testng.Assert.fail(Assert.java:96)<br>org.testng.Assert.failNotEquals(Assert.java:776)<br>org.testng.Assert.assertTrue(Assert.java:44)<br>org.testng.Assert.assertTrue(Assert.java:54)<br>RandomTest.printRandom(RandomTest.java:22)<br>sun.reflect.GeneratedMethodAccessor3.invoke(Unknown Source)<br>sun.reflect.DelegatingMethodAccessorImpl.invoke(DelegatingMethodAccessorImpl.java:43)<br>java.lang.reflect.Method.invoke(Method.java:498)<br>org.testng.internal.MethodInvocationHelper.invokeMethod(MethodInvocationHelper.java:124)<br>org.testng.internal.Invoker.invokeMethod(Invoker.java:583)<br>org.testng.internal.Invoker.invokeTestMethod(Invoker.java:719)<br>org.testng.internal.Invoker.invokeTestMethods(Invoker.java:989)<br>org.testng.internal.TestMethodWorker.invokeTestMethods(TestMethodWorker.java:125)<br>org.testng.internal.TestMethodWorker.run(TestMethodWorker.java:109)<br>java.util.concurrent.ThreadPoolExecutor.runWorker(ThreadPoolExecutor.java:1149)<br>java.util.concurrent.ThreadPoolExecutor$Worker.run(ThreadPoolExecutor.java:624)<br>java.lang.Thread.run(Thread.java:748)",
                                                601712038: " ",
                                                94506990: " ",
                                                401941863: "org.testng.Assert.fail(Assert.java:96)<br>org.testng.Assert.failNotEquals(Assert.java:776)<br>org.testng.Assert.assertTrue(Assert.java:44)<br>org.testng.Assert.assertTrue(Assert.java:54)<br>RandomTest.printRandom(RandomTest.java:22)<br>sun.reflect.GeneratedMethodAccessor3.invoke(Unknown Source)<br>sun.reflect.DelegatingMethodAccessorImpl.invoke(DelegatingMethodAccessorImpl.java:43)<br>java.lang.reflect.Method.invoke(Method.java:498)<br>org.testng.internal.MethodInvocationHelper.invokeMethod(MethodInvocationHelper.java:124)<br>org.testng.internal.Invoker.invokeMethod(Invoker.java:583)<br>org.testng.internal.Invoker.invokeTestMethod(Invoker.java:719)<br>org.testng.internal.Invoker.invokeTestMethods(Invoker.java:989)<br>org.testng.internal.TestMethodWorker.invokeTestMethods(TestMethodWorker.java:125)<br>org.testng.internal.TestMethodWorker.run(TestMethodWorker.java:109)<br>java.util.concurrent.ThreadPoolExecutor.runWorker(ThreadPoolExecutor.java:1149)<br>java.util.concurrent.ThreadPoolExecutor$Worker.run(ThreadPoolExecutor.java:624)<br>java.lang.Thread.run(Thread.java:748)",
                                                1089461944: "org.testng.Assert.fail(Assert.java:96)<br>org.testng.Assert.failNotEquals(Assert.java:776)<br>org.testng.Assert.assertTrue(Assert.java:44)<br>org.testng.Assert.assertTrue(Assert.java:54)<br>RandomTest.printRandom(RandomTest.java:22)<br>sun.reflect.GeneratedMethodAccessor3.invoke(Unknown Source)<br>sun.reflect.DelegatingMethodAccessorImpl.invoke(DelegatingMethodAccessorImpl.java:43)<br>java.lang.reflect.Method.invoke(Method.java:498)<br>org.testng.internal.MethodInvocationHelper.invokeMethod(MethodInvocationHelper.java:124)<br>org.testng.internal.Invoker.invokeMethod(Invoker.java:583)<br>org.testng.internal.Invoker.invokeTestMethod(Invoker.java:719)<br>org.testng.internal.Invoker.invokeTestMethods(Invoker.java:989)<br>org.testng.internal.TestMethodWorker.invokeTestMethods(TestMethodWorker.java:125)<br>org.testng.internal.TestMethodWorker.run(TestMethodWorker.java:109)<br>java.util.concurrent.ThreadPoolExecutor.runWorker(ThreadPoolExecutor.java:1149)<br>java.util.concurrent.ThreadPoolExecutor$Worker.run(ThreadPoolExecutor.java:624)<br>java.lang.Thread.run(Thread.java:748)",
                                                139948886: "org.testng.Assert.fail(Assert.java:96)<br>org.testng.Assert.failNotEquals(Assert.java:776)<br>org.testng.Assert.assertTrue(Assert.java:44)<br>org.testng.Assert.assertTrue(Assert.java:54)<br>RandomTest.printRandom(RandomTest.java:22)<br>sun.reflect.GeneratedMethodAccessor3.invoke(Unknown Source)<br>sun.reflect.DelegatingMethodAccessorImpl.invoke(DelegatingMethodAccessorImpl.java:43)<br>java.lang.reflect.Method.invoke(Method.java:498)<br>org.testng.internal.MethodInvocationHelper.invokeMethod(MethodInvocationHelper.java:124)<br>org.testng.internal.Invoker.invokeMethod(Invoker.java:583)<br>org.testng.internal.Invoker.invokeTestMethod(Invoker.java:719)<br>org.testng.internal.Invoker.invokeTestMethods(Invoker.java:989)<br>org.testng.internal.TestMethodWorker.invokeTestMethods(TestMethodWorker.java:125)<br>org.testng.internal.TestMethodWorker.run(TestMethodWorker.java:109)<br>java.util.concurrent.ThreadPoolExecutor.runWorker(ThreadPoolExecutor.java:1149)<br>java.util.concurrent.ThreadPoolExecutor$Worker.run(ThreadPoolExecutor.java:624)<br>java.lang.Thread.run(Thread.java:748)",
                                                488624333: "org.testng.Assert.fail(Assert.java:96)<br>org.testng.Assert.failNotEquals(Assert.java:776)<br>org.testng.Assert.assertTrue(Assert.java:44)<br>org.testng.Assert.assertTrue(Assert.java:54)<br>RandomTest.printRandom(RandomTest.java:22)<br>sun.reflect.GeneratedMethodAccessor3.invoke(Unknown Source)<br>sun.reflect.DelegatingMethodAccessorImpl.invoke(DelegatingMethodAccessorImpl.java:43)<br>java.lang.reflect.Method.invoke(Method.java:498)<br>org.testng.internal.MethodInvocationHelper.invokeMethod(MethodInvocationHelper.java:124)<br>org.testng.internal.Invoker.invokeMethod(Invoker.java:583)<br>org.testng.internal.Invoker.invokeTestMethod(Invoker.java:719)<br>org.testng.internal.Invoker.invokeTestMethods(Invoker.java:989)<br>org.testng.internal.TestMethodWorker.invokeTestMethods(TestMethodWorker.java:125)<br>org.testng.internal.TestMethodWorker.run(TestMethodWorker.java:109)<br>java.util.concurrent.ThreadPoolExecutor.runWorker(ThreadPoolExecutor.java:1149)<br>java.util.concurrent.ThreadPoolExecutor$Worker.run(ThreadPoolExecutor.java:624)<br>java.lang.Thread.run(Thread.java:748)",
                                                603914260: "org.testng.Assert.fail(Assert.java:96)<br>org.testng.Assert.failNotEquals(Assert.java:776)<br>org.testng.Assert.assertTrue(Assert.java:44)<br>org.testng.Assert.assertTrue(Assert.java:54)<br>RandomTest.printRandom(RandomTest.java:22)<br>sun.reflect.GeneratedMethodAccessor3.invoke(Unknown Source)<br>sun.reflect.DelegatingMethodAccessorImpl.invoke(DelegatingMethodAccessorImpl.java:43)<br>java.lang.reflect.Method.invoke(Method.java:498)<br>org.testng.internal.MethodInvocationHelper.invokeMethod(MethodInvocationHelper.java:124)<br>org.testng.internal.Invoker.invokeMethod(Invoker.java:583)<br>org.testng.internal.Invoker.invokeTestMethod(Invoker.java:719)<br>org.testng.internal.Invoker.invokeTestMethods(Invoker.java:989)<br>org.testng.internal.TestMethodWorker.invokeTestMethods(TestMethodWorker.java:125)<br>org.testng.internal.TestMethodWorker.run(TestMethodWorker.java:109)<br>java.util.concurrent.ThreadPoolExecutor.runWorker(ThreadPoolExecutor.java:1149)<br>java.util.concurrent.ThreadPoolExecutor$Worker.run(ThreadPoolExecutor.java:624)<br>java.lang.Thread.run(Thread.java:748)",
                                                500895949: "org.testng.Assert.fail(Assert.java:96)<br>org.testng.Assert.failNotEquals(Assert.java:776)<br>org.testng.Assert.assertTrue(Assert.java:44)<br>org.testng.Assert.assertTrue(Assert.java:54)<br>RandomTest.printRandom(RandomTest.java:22)<br>sun.reflect.GeneratedMethodAccessor3.invoke(Unknown Source)<br>sun.reflect.DelegatingMethodAccessorImpl.invoke(DelegatingMethodAccessorImpl.java:43)<br>java.lang.reflect.Method.invoke(Method.java:498)<br>org.testng.internal.MethodInvocationHelper.invokeMethod(MethodInvocationHelper.java:124)<br>org.testng.internal.Invoker.invokeMethod(Invoker.java:583)<br>org.testng.internal.Invoker.invokeTestMethod(Invoker.java:719)<br>org.testng.internal.Invoker.invokeTestMethods(Invoker.java:989)<br>org.testng.internal.TestMethodWorker.invokeTestMethods(TestMethodWorker.java:125)<br>org.testng.internal.TestMethodWorker.run(TestMethodWorker.java:109)<br>java.util.concurrent.ThreadPoolExecutor.runWorker(ThreadPoolExecutor.java:1149)<br>java.util.concurrent.ThreadPoolExecutor$Worker.run(ThreadPoolExecutor.java:624)<br>java.lang.Thread.run(Thread.java:748)",
                                                782568931: " ",
                                                1298082114: "org.testng.Assert.fail(Assert.java:96)<br>org.testng.Assert.failNotEquals(Assert.java:776)<br>org.testng.Assert.assertTrue(Assert.java:44)<br>org.testng.Assert.assertTrue(Assert.java:54)<br>RandomTest.printRandom(RandomTest.java:22)<br>sun.reflect.GeneratedMethodAccessor3.invoke(Unknown Source)<br>sun.reflect.DelegatingMethodAccessorImpl.invoke(DelegatingMethodAccessorImpl.java:43)<br>java.lang.reflect.Method.invoke(Method.java:498)<br>org.testng.internal.MethodInvocationHelper.invokeMethod(MethodInvocationHelper.java:124)<br>org.testng.internal.Invoker.invokeMethod(Invoker.java:583)<br>org.testng.internal.Invoker.invokeTestMethod(Invoker.java:719)<br>org.testng.internal.Invoker.invokeTestMethods(Invoker.java:989)<br>org.testng.internal.TestMethodWorker.invokeTestMethods(TestMethodWorker.java:125)<br>org.testng.internal.TestMethodWorker.run(TestMethodWorker.java:109)<br>java.util.concurrent.ThreadPoolExecutor.runWorker(ThreadPoolExecutor.java:1149)<br>java.util.concurrent.ThreadPoolExecutor$Worker.run(ThreadPoolExecutor.java:624)<br>java.lang.Thread.run(Thread.java:748)",
                                                385580893: " ",
                                                1407408183: " ",
                                                1429179837: "org.testng.Assert.fail(Assert.java:96)<br>org.testng.Assert.failNotEquals(Assert.java:776)<br>org.testng.Assert.assertTrue(Assert.java:44)<br>org.testng.Assert.assertTrue(Assert.java:54)<br>RandomTest.printRandom(RandomTest.java:22)<br>sun.reflect.GeneratedMethodAccessor3.invoke(Unknown Source)<br>sun.reflect.DelegatingMethodAccessorImpl.invoke(DelegatingMethodAccessorImpl.java:43)<br>java.lang.reflect.Method.invoke(Method.java:498)<br>org.testng.internal.MethodInvocationHelper.invokeMethod(MethodInvocationHelper.java:124)<br>org.testng.internal.Invoker.invokeMethod(Invoker.java:583)<br>org.testng.internal.Invoker.invokeTestMethod(Invoker.java:719)<br>org.testng.internal.Invoker.invokeTestMethods(Invoker.java:989)<br>org.testng.internal.TestMethodWorker.invokeTestMethods(TestMethodWorker.java:125)<br>org.testng.internal.TestMethodWorker.run(TestMethodWorker.java:109)<br>java.util.concurrent.ThreadPoolExecutor.runWorker(ThreadPoolExecutor.java:1149)<br>java.util.concurrent.ThreadPoolExecutor$Worker.run(ThreadPoolExecutor.java:624)<br>java.lang.Thread.run(Thread.java:748)",
                                                1636739939: "org.testng.Assert.fail(Assert.java:96)<br>org.testng.Assert.failNotEquals(Assert.java:776)<br>org.testng.Assert.assertTrue(Assert.java:44)<br>org.testng.Assert.assertTrue(Assert.java:54)<br>RandomTest.printRandom(RandomTest.java:22)<br>sun.reflect.GeneratedMethodAccessor3.invoke(Unknown Source)<br>sun.reflect.DelegatingMethodAccessorImpl.invoke(DelegatingMethodAccessorImpl.java:43)<br>java.lang.reflect.Method.invoke(Method.java:498)<br>org.testng.internal.MethodInvocationHelper.invokeMethod(MethodInvocationHelper.java:124)<br>org.testng.internal.Invoker.invokeMethod(Invoker.java:583)<br>org.testng.internal.Invoker.invokeTestMethod(Invoker.java:719)<br>org.testng.internal.Invoker.invokeTestMethods(Invoker.java:989)<br>org.testng.internal.TestMethodWorker.invokeTestMethods(TestMethodWorker.java:125)<br>org.testng.internal.TestMethodWorker.run(TestMethodWorker.java:109)<br>java.util.concurrent.ThreadPoolExecutor.runWorker(ThreadPoolExecutor.java:1149)<br>java.util.concurrent.ThreadPoolExecutor$Worker.run(ThreadPoolExecutor.java:624)<br>java.lang.Thread.run(Thread.java:748)",
                                                742531480: " ",
                                                1697244871: " ",
                                                1279446458: "org.testng.Assert.fail(Assert.java:96)<br>org.testng.Assert.failNotEquals(Assert.java:776)<br>org.testng.Assert.assertTrue(Assert.java:44)<br>org.testng.Assert.assertTrue(Assert.java:54)<br>RandomTest.printRandom(RandomTest.java:22)<br>sun.reflect.GeneratedMethodAccessor3.invoke(Unknown Source)<br>sun.reflect.DelegatingMethodAccessorImpl.invoke(DelegatingMethodAccessorImpl.java:43)<br>java.lang.reflect.Method.invoke(Method.java:498)<br>org.testng.internal.MethodInvocationHelper.invokeMethod(MethodInvocationHelper.java:124)<br>org.testng.internal.Invoker.invokeMethod(Invoker.java:583)<br>org.testng.internal.Invoker.invokeTestMethod(Invoker.java:719)<br>org.testng.internal.Invoker.invokeTestMethods(Invoker.java:989)<br>org.testng.internal.TestMethodWorker.invokeTestMethods(TestMethodWorker.java:125)<br>org.testng.internal.TestMethodWorker.run(TestMethodWorker.java:109)<br>java.util.concurrent.ThreadPoolExecutor.runWorker(ThreadPoolExecutor.java:1149)<br>java.util.concurrent.ThreadPoolExecutor$Worker.run(ThreadPoolExecutor.java:624)<br>java.lang.Thread.run(Thread.java:748)",
                                                1476633314: " ",
                                                                                                                1701844635: " ",
                                                1329974060: " ",
                                                355524707: " ",
                                                1356944533: " ",
                                                893408476: " ",
                                                1421731315: "org.testng.Assert.fail(Assert.java:96)<br>org.testng.Assert.failNotEquals(Assert.java:776)<br>org.testng.Assert.assertTrue(Assert.java:44)<br>org.testng.Assert.assertTrue(Assert.java:54)<br>RandomTest.printRandom(RandomTest.java:22)<br>sun.reflect.NativeMethodAccessorImpl.invoke0(Native Method)<br>sun.reflect.NativeMethodAccessorImpl.invoke(NativeMethodAccessorImpl.java:62)<br>sun.reflect.DelegatingMethodAccessorImpl.invoke(DelegatingMethodAccessorImpl.java:43)<br>java.lang.reflect.Method.invoke(Method.java:498)<br>org.testng.internal.MethodInvocationHelper.invokeMethod(MethodInvocationHelper.java:124)<br>org.testng.internal.Invoker.invokeMethod(Invoker.java:583)<br>org.testng.internal.Invoker.invokeTestMethod(Invoker.java:719)<br>org.testng.internal.Invoker.invokeTestMethods(Invoker.java:989)<br>org.testng.internal.TestMethodWorker.invokeTestMethods(TestMethodWorker.java:125)<br>org.testng.internal.TestMethodWorker.run(TestMethodWorker.java:109)<br>java.util.concurrent.ThreadPoolExecutor.runWorker(ThreadPoolExecutor.java:1149)<br>java.util.concurrent.ThreadPoolExecutor$Worker.run(ThreadPoolExecutor.java:624)<br>java.lang.Thread.run(Thread.java:748)",
                                                1184642303: "org.testng.Assert.fail(Assert.java:96)<br>org.testng.Assert.failNotEquals(Assert.java:776)<br>org.testng.Assert.assertTrue(Assert.java:44)<br>org.testng.Assert.assertTrue(Assert.java:54)<br>RandomTest.printRandom(RandomTest.java:22)<br>sun.reflect.NativeMethodAccessorImpl.invoke0(Native Method)<br>sun.reflect.NativeMethodAccessorImpl.invoke(NativeMethodAccessorImpl.java:62)<br>sun.reflect.DelegatingMethodAccessorImpl.invoke(DelegatingMethodAccessorImpl.java:43)<br>java.lang.reflect.Method.invoke(Method.java:498)<br>org.testng.internal.MethodInvocationHelper.invokeMethod(MethodInvocationHelper.java:124)<br>org.testng.internal.Invoker.invokeMethod(Invoker.java:583)<br>org.testng.internal.Invoker.invokeTestMethod(Invoker.java:719)<br>org.testng.internal.Invoker.invokeTestMethods(Invoker.java:989)<br>org.testng.internal.TestMethodWorker.invokeTestMethods(TestMethodWorker.java:125)<br>org.testng.internal.TestMethodWorker.run(TestMethodWorker.java:109)<br>java.util.concurrent.ThreadPoolExecutor.runWorker(ThreadPoolExecutor.java:1149)<br>java.util.concurrent.ThreadPoolExecutor$Worker.run(ThreadPoolExecutor.java:624)<br>java.lang.Thread.run(Thread.java:748)",
                                                478385477: "org.testng.Assert.fail(Assert.java:96)<br>org.testng.Assert.failNotEquals(Assert.java:776)<br>org.testng.Assert.assertTrue(Assert.java:44)<br>org.testng.Assert.assertTrue(Assert.java:54)<br>RandomTest.printRandom(RandomTest.java:22)<br>sun.reflect.NativeMethodAccessorImpl.invoke0(Native Method)<br>sun.reflect.NativeMethodAccessorImpl.invoke(NativeMethodAccessorImpl.java:62)<br>sun.reflect.DelegatingMethodAccessorImpl.invoke(DelegatingMethodAccessorImpl.java:43)<br>java.lang.reflect.Method.invoke(Method.java:498)<br>org.testng.internal.MethodInvocationHelper.invokeMethod(MethodInvocationHelper.java:124)<br>org.testng.internal.Invoker.invokeMethod(Invoker.java:583)<br>org.testng.internal.Invoker.invokeTestMethod(Invoker.java:719)<br>org.testng.internal.Invoker.invokeTestMethods(Invoker.java:989)<br>org.testng.internal.TestMethodWorker.invokeTestMethods(TestMethodWorker.java:125)<br>org.testng.internal.TestMethodWorker.run(TestMethodWorker.java:109)<br>java.util.concurrent.ThreadPoolExecutor.runWorker(ThreadPoolExecutor.java:1149)<br>java.util.concurrent.ThreadPoolExecutor$Worker.run(ThreadPoolExecutor.java:624)<br>java.lang.Thread.run(Thread.java:748)",
                                                726848701: "org.testng.Assert.fail(Assert.java:96)<br>org.testng.Assert.failNotEquals(Assert.java:776)<br>org.testng.Assert.assertTrue(Assert.java:44)<br>org.testng.Assert.assertTrue(Assert.java:54)<br>RandomTest.printRandom(RandomTest.java:22)<br>sun.reflect.NativeMethodAccessorImpl.invoke0(Native Method)<br>sun.reflect.NativeMethodAccessorImpl.invoke(NativeMethodAccessorImpl.java:62)<br>sun.reflect.DelegatingMethodAccessorImpl.invoke(DelegatingMethodAccessorImpl.java:43)<br>java.lang.reflect.Method.invoke(Method.java:498)<br>org.testng.internal.MethodInvocationHelper.invokeMethod(MethodInvocationHelper.java:124)<br>org.testng.internal.Invoker.invokeMethod(Invoker.java:583)<br>org.testng.internal.Invoker.invokeTestMethod(Invoker.java:719)<br>org.testng.internal.Invoker.invokeTestMethods(Invoker.java:989)<br>org.testng.internal.TestMethodWorker.invokeTestMethods(TestMethodWorker.java:125)<br>org.testng.internal.TestMethodWorker.run(TestMethodWorker.java:109)<br>java.util.concurrent.ThreadPoolExecutor.runWorker(ThreadPoolExecutor.java:1149)<br>java.util.concurrent.ThreadPoolExecutor$Worker.run(ThreadPoolExecutor.java:624)<br>java.lang.Thread.run(Thread.java:748)",
                                                284896857: "org.testng.Assert.fail(Assert.java:96)<br>org.testng.Assert.failNotEquals(Assert.java:776)<br>org.testng.Assert.assertTrue(Assert.java:44)<br>org.testng.Assert.assertTrue(Assert.java:54)<br>RandomTest.printRandom(RandomTest.java:22)<br>sun.reflect.NativeMethodAccessorImpl.invoke0(Native Method)<br>sun.reflect.NativeMethodAccessorImpl.invoke(NativeMethodAccessorImpl.java:62)<br>sun.reflect.DelegatingMethodAccessorImpl.invoke(DelegatingMethodAccessorImpl.java:43)<br>java.lang.reflect.Method.invoke(Method.java:498)<br>org.testng.internal.MethodInvocationHelper.invokeMethod(MethodInvocationHelper.java:124)<br>org.testng.internal.Invoker.invokeMethod(Invoker.java:583)<br>org.testng.internal.Invoker.invokeTestMethod(Invoker.java:719)<br>org.testng.internal.Invoker.invokeTestMethods(Invoker.java:989)<br>org.testng.internal.TestMethodWorker.invokeTestMethods(TestMethodWorker.java:125)<br>org.testng.internal.TestMethodWorker.run(TestMethodWorker.java:109)<br>java.util.concurrent.ThreadPoolExecutor.runWorker(ThreadPoolExecutor.java:1149)<br>java.util.concurrent.ThreadPoolExecutor$Worker.run(ThreadPoolExecutor.java:624)<br>java.lang.Thread.run(Thread.java:748)",
                                                937937781: " ",
                                                927877489: "org.testng.Assert.fail(Assert.java:96)<br>org.testng.Assert.failNotEquals(Assert.java:776)<br>org.testng.Assert.assertTrue(Assert.java:44)<br>org.testng.Assert.assertTrue(Assert.java:54)<br>RandomTest.printRandom(RandomTest.java:22)<br>sun.reflect.NativeMethodAccessorImpl.invoke0(Native Method)<br>sun.reflect.NativeMethodAccessorImpl.invoke(NativeMethodAccessorImpl.java:62)<br>sun.reflect.DelegatingMethodAccessorImpl.invoke(DelegatingMethodAccessorImpl.java:43)<br>java.lang.reflect.Method.invoke(Method.java:498)<br>org.testng.internal.MethodInvocationHelper.invokeMethod(MethodInvocationHelper.java:124)<br>org.testng.internal.Invoker.invokeMethod(Invoker.java:583)<br>org.testng.internal.Invoker.invokeTestMethod(Invoker.java:719)<br>org.testng.internal.Invoker.invokeTestMethods(Invoker.java:989)<br>org.testng.internal.TestMethodWorker.invokeTestMethods(TestMethodWorker.java:125)<br>org.testng.internal.TestMethodWorker.run(TestMethodWorker.java:109)<br>java.util.concurrent.ThreadPoolExecutor.runWorker(ThreadPoolExecutor.java:1149)<br>java.util.concurrent.ThreadPoolExecutor$Worker.run(ThreadPoolExecutor.java:624)<br>java.lang.Thread.run(Thread.java:748)",
                                                176456729: "org.testng.Assert.fail(Assert.java:96)<br>org.testng.Assert.failNotEquals(Assert.java:776)<br>org.testng.Assert.assertTrue(Assert.java:44)<br>org.testng.Assert.assertTrue(Assert.java:54)<br>RandomTest.printRandom(RandomTest.java:22)<br>sun.reflect.NativeMethodAccessorImpl.invoke0(Native Method)<br>sun.reflect.NativeMethodAccessorImpl.invoke(NativeMethodAccessorImpl.java:62)<br>sun.reflect.DelegatingMethodAccessorImpl.invoke(DelegatingMethodAccessorImpl.java:43)<br>java.lang.reflect.Method.invoke(Method.java:498)<br>org.testng.internal.MethodInvocationHelper.invokeMethod(MethodInvocationHelper.java:124)<br>org.testng.internal.Invoker.invokeMethod(Invoker.java:583)<br>org.testng.internal.Invoker.invokeTestMethod(Invoker.java:719)<br>org.testng.internal.Invoker.invokeTestMethods(Invoker.java:989)<br>org.testng.internal.TestMethodWorker.invokeTestMethods(TestMethodWorker.java:125)<br>org.testng.internal.TestMethodWorker.run(TestMethodWorker.java:109)<br>java.util.concurrent.ThreadPoolExecutor.runWorker(ThreadPoolExecutor.java:1149)<br>java.util.concurrent.ThreadPoolExecutor$Worker.run(ThreadPoolExecutor.java:624)<br>java.lang.Thread.run(Thread.java:748)",
                                                1128590070: "org.testng.Assert.fail(Assert.java:96)<br>org.testng.Assert.failNotEquals(Assert.java:776)<br>org.testng.Assert.assertTrue(Assert.java:44)<br>org.testng.Assert.assertTrue(Assert.java:54)<br>RandomTest.printRandom(RandomTest.java:22)<br>sun.reflect.NativeMethodAccessorImpl.invoke0(Native Method)<br>sun.reflect.NativeMethodAccessorImpl.invoke(NativeMethodAccessorImpl.java:62)<br>sun.reflect.DelegatingMethodAccessorImpl.invoke(DelegatingMethodAccessorImpl.java:43)<br>java.lang.reflect.Method.invoke(Method.java:498)<br>org.testng.internal.MethodInvocationHelper.invokeMethod(MethodInvocationHelper.java:124)<br>org.testng.internal.Invoker.invokeMethod(Invoker.java:583)<br>org.testng.internal.Invoker.invokeTestMethod(Invoker.java:719)<br>org.testng.internal.Invoker.invokeTestMethods(Invoker.java:989)<br>org.testng.internal.TestMethodWorker.invokeTestMethods(TestMethodWorker.java:125)<br>org.testng.internal.TestMethodWorker.run(TestMethodWorker.java:109)<br>java.util.concurrent.ThreadPoolExecutor.runWorker(ThreadPoolExecutor.java:1149)<br>java.util.concurrent.ThreadPoolExecutor$Worker.run(ThreadPoolExecutor.java:624)<br>java.lang.Thread.run(Thread.java:748)",
                                                1248935304: "org.testng.Assert.fail(Assert.java:96)<br>org.testng.Assert.failNotEquals(Assert.java:776)<br>org.testng.Assert.assertTrue(Assert.java:44)<br>org.testng.Assert.assertTrue(Assert.java:54)<br>RandomTest.printRandom(RandomTest.java:22)<br>sun.reflect.NativeMethodAccessorImpl.invoke0(Native Method)<br>sun.reflect.NativeMethodAccessorImpl.invoke(NativeMethodAccessorImpl.java:62)<br>sun.reflect.DelegatingMethodAccessorImpl.invoke(DelegatingMethodAccessorImpl.java:43)<br>java.lang.reflect.Method.invoke(Method.java:498)<br>org.testng.internal.MethodInvocationHelper.invokeMethod(MethodInvocationHelper.java:124)<br>org.testng.internal.Invoker.invokeMethod(Invoker.java:583)<br>org.testng.internal.Invoker.invokeTestMethod(Invoker.java:719)<br>org.testng.internal.Invoker.invokeTestMethods(Invoker.java:989)<br>org.testng.internal.TestMethodWorker.invokeTestMethods(TestMethodWorker.java:125)<br>org.testng.internal.TestMethodWorker.run(TestMethodWorker.java:109)<br>java.util.concurrent.ThreadPoolExecutor.runWorker(ThreadPoolExecutor.java:1149)<br>java.util.concurrent.ThreadPoolExecutor$Worker.run(ThreadPoolExecutor.java:624)<br>java.lang.Thread.run(Thread.java:748)",
                                                254926966: "org.testng.Assert.fail(Assert.java:96)<br>org.testng.Assert.failNotEquals(Assert.java:776)<br>org.testng.Assert.assertTrue(Assert.java:44)<br>org.testng.Assert.assertTrue(Assert.java:54)<br>RandomTest.printRandom(RandomTest.java:22)<br>sun.reflect.NativeMethodAccessorImpl.invoke0(Native Method)<br>sun.reflect.NativeMethodAccessorImpl.invoke(NativeMethodAccessorImpl.java:62)<br>sun.reflect.DelegatingMethodAccessorImpl.invoke(DelegatingMethodAccessorImpl.java:43)<br>java.lang.reflect.Method.invoke(Method.java:498)<br>org.testng.internal.MethodInvocationHelper.invokeMethod(MethodInvocationHelper.java:124)<br>org.testng.internal.Invoker.invokeMethod(Invoker.java:583)<br>org.testng.internal.Invoker.invokeTestMethod(Invoker.java:719)<br>org.testng.internal.Invoker.invokeTestMethods(Invoker.java:989)<br>org.testng.internal.TestMethodWorker.invokeTestMethods(TestMethodWorker.java:125)<br>org.testng.internal.TestMethodWorker.run(TestMethodWorker.java:109)<br>java.util.concurrent.ThreadPoolExecutor.runWorker(ThreadPoolExecutor.java:1149)<br>java.util.concurrent.ThreadPoolExecutor$Worker.run(ThreadPoolExecutor.java:624)<br>java.lang.Thread.run(Thread.java:748)",
                                                565909957: "org.testng.Assert.fail(Assert.java:96)<br>org.testng.Assert.failNotEquals(Assert.java:776)<br>org.testng.Assert.assertTrue(Assert.java:44)<br>org.testng.Assert.assertTrue(Assert.java:54)<br>RandomTest.printRandom(RandomTest.java:22)<br>sun.reflect.GeneratedMethodAccessor3.invoke(Unknown Source)<br>sun.reflect.DelegatingMethodAccessorImpl.invoke(DelegatingMethodAccessorImpl.java:43)<br>java.lang.reflect.Method.invoke(Method.java:498)<br>org.testng.internal.MethodInvocationHelper.invokeMethod(MethodInvocationHelper.java:124)<br>org.testng.internal.Invoker.invokeMethod(Invoker.java:583)<br>org.testng.internal.Invoker.invokeTestMethod(Invoker.java:719)<br>org.testng.internal.Invoker.invokeTestMethods(Invoker.java:989)<br>org.testng.internal.TestMethodWorker.invokeTestMethods(TestMethodWorker.java:125)<br>org.testng.internal.TestMethodWorker.run(TestMethodWorker.java:109)<br>java.util.concurrent.ThreadPoolExecutor.runWorker(ThreadPoolExecutor.java:1149)<br>java.util.concurrent.ThreadPoolExecutor$Worker.run(ThreadPoolExecutor.java:624)<br>java.lang.Thread.run(Thread.java:748)",
                                                1171014750: "org.testng.Assert.fail(Assert.java:96)<br>org.testng.Assert.failNotEquals(Assert.java:776)<br>org.testng.Assert.assertTrue(Assert.java:44)<br>org.testng.Assert.assertTrue(Assert.java:54)<br>RandomTest.printRandom(RandomTest.java:22)<br>sun.reflect.GeneratedMethodAccessor3.invoke(Unknown Source)<br>sun.reflect.DelegatingMethodAccessorImpl.invoke(DelegatingMethodAccessorImpl.java:43)<br>java.lang.reflect.Method.invoke(Method.java:498)<br>org.testng.internal.MethodInvocationHelper.invokeMethod(MethodInvocationHelper.java:124)<br>org.testng.internal.Invoker.invokeMethod(Invoker.java:583)<br>org.testng.internal.Invoker.invokeTestMethod(Invoker.java:719)<br>org.testng.internal.Invoker.invokeTestMethods(Invoker.java:989)<br>org.testng.internal.TestMethodWorker.invokeTestMethods(TestMethodWorker.java:125)<br>org.testng.internal.TestMethodWorker.run(TestMethodWorker.java:109)<br>java.util.concurrent.ThreadPoolExecutor.runWorker(ThreadPoolExecutor.java:1149)<br>java.util.concurrent.ThreadPoolExecutor$Worker.run(ThreadPoolExecutor.java:624)<br>java.lang.Thread.run(Thread.java:748)",
                                                101891090: "org.testng.Assert.fail(Assert.java:96)<br>org.testng.Assert.failNotEquals(Assert.java:776)<br>org.testng.Assert.assertTrue(Assert.java:44)<br>org.testng.Assert.assertTrue(Assert.java:54)<br>RandomTest.printRandom(RandomTest.java:22)<br>sun.reflect.GeneratedMethodAccessor3.invoke(Unknown Source)<br>sun.reflect.DelegatingMethodAccessorImpl.invoke(DelegatingMethodAccessorImpl.java:43)<br>java.lang.reflect.Method.invoke(Method.java:498)<br>org.testng.internal.MethodInvocationHelper.invokeMethod(MethodInvocationHelper.java:124)<br>org.testng.internal.Invoker.invokeMethod(Invoker.java:583)<br>org.testng.internal.Invoker.invokeTestMethod(Invoker.java:719)<br>org.testng.internal.Invoker.invokeTestMethods(Invoker.java:989)<br>org.testng.internal.TestMethodWorker.invokeTestMethods(TestMethodWorker.java:125)<br>org.testng.internal.TestMethodWorker.run(TestMethodWorker.java:109)<br>java.util.concurrent.ThreadPoolExecutor.runWorker(ThreadPoolExecutor.java:1149)<br>java.util.concurrent.ThreadPoolExecutor$Worker.run(ThreadPoolExecutor.java:624)<br>java.lang.Thread.run(Thread.java:748)",
                                                102813430: "org.testng.Assert.fail(Assert.java:96)<br>org.testng.Assert.failNotEquals(Assert.java:776)<br>org.testng.Assert.assertTrue(Assert.java:44)<br>org.testng.Assert.assertTrue(Assert.java:54)<br>RandomTest.printRandom(RandomTest.java:22)<br>sun.reflect.GeneratedMethodAccessor3.invoke(Unknown Source)<br>sun.reflect.DelegatingMethodAccessorImpl.invoke(DelegatingMethodAccessorImpl.java:43)<br>java.lang.reflect.Method.invoke(Method.java:498)<br>org.testng.internal.MethodInvocationHelper.invokeMethod(MethodInvocationHelper.java:124)<br>org.testng.internal.Invoker.invokeMethod(Invoker.java:583)<br>org.testng.internal.Invoker.invokeTestMethod(Invoker.java:719)<br>org.testng.internal.Invoker.invokeTestMethods(Invoker.java:989)<br>org.testng.internal.TestMethodWorker.invokeTestMethods(TestMethodWorker.java:125)<br>org.testng.internal.TestMethodWorker.run(TestMethodWorker.java:109)<br>java.util.concurrent.ThreadPoolExecutor.runWorker(ThreadPoolExecutor.java:1149)<br>java.util.concurrent.ThreadPoolExecutor$Worker.run(ThreadPoolExecutor.java:624)<br>java.lang.Thread.run(Thread.java:748)",
                                                        };
        var caseData = [
                                                                        {
                            Suite: "Random test3",
                            TestRun: "Sorting and string operation",
                            Class: "RandomTest",
                            Groups: "",
                            CaseName: "printRandom",
                            Duration: "0.275",
                                                            Status: '<span class="badge badge-success">SUCCESS</span>',
                                                        DT_RowId: "1494679057"
                        },
                                            {
                            Suite: "Random test3",
                            TestRun: "Sorting and string operation",
                            Class: "RandomTest",
                            Groups: "",
                            CaseName: "printRandom",
                            Duration: "0.917",
                                                            Status: '<span class="badge badge-success">SUCCESS</span>',
                                                        DT_RowId: "148343566"
                        },
                                            {
                            Suite: "Random test3",
                            TestRun: "Sorting and string operation",
                            Class: "RandomTest",
                            Groups: "",
                            CaseName: "printRandom",
                            Duration: "0.809",
                                                            Status: '<span class="badge badge-success">SUCCESS</span>',
                                                        DT_RowId: "707861044"
                        },
                                            {
                            Suite: "Random test3",
                            TestRun: "Sorting and string operation",
                            Class: "RandomTest",
                            Groups: "",
                            CaseName: "printRandom",
                            Duration: "2.913",
                                                            Status: '<span class="badge badge-danger">FAILURE</span>',
                                                        DT_RowId: "1331594983"
                        },
                                            {
                            Suite: "Random test3",
                            TestRun: "Sorting and string operation",
                            Class: "RandomTest",
                            Groups: "",
                            CaseName: "printRandom",
                            Duration: "2.233",
                                                            Status: '<span class="badge badge-danger">FAILURE</span>',
                                                        DT_RowId: "4483934"
                        },
                                            {
                            Suite: "Random test3",
                            TestRun: "Sorting and string operation",
                            Class: "RandomTest",
                            Groups: "",
                            CaseName: "printRandom",
                            Duration: "1.379",
                                                            Status: '<span class="badge badge-danger">FAILURE</span>',
                                                        DT_RowId: "880746403"
                        },
                                            {
                            Suite: "Random test3",
                            TestRun: "Sorting and string operation",
                            Class: "RandomTest",
                            Groups: "",
                            CaseName: "printRandom",
                            Duration: "0.239",
                                                            Status: '<span class="badge badge-success">SUCCESS</span>',
                                                        DT_RowId: "373117858"
                        },
                                            {
                            Suite: "Random test3",
                            TestRun: "Sorting and string operation",
                            Class: "RandomTest",
                            Groups: "",
                            CaseName: "printRandom",
                            Duration: "0.366",
                                                            Status: '<span class="badge badge-success">SUCCESS</span>',
                                                        DT_RowId: "762283580"
                        },
                                            {
                            Suite: "Random test3",
                            TestRun: "Sorting and string operation",
                            Class: "RandomTest",
                            Groups: "",
                            CaseName: "printRandom",
                            Duration: "0.807",
                                                            Status: '<span class="badge badge-success">SUCCESS</span>',
                                                        DT_RowId: "240256596"
                        },
                                            {
                            Suite: "Random test3",
                            TestRun: "Sorting and string operation",
                            Class: "RandomTest",
                            Groups: "",
                            CaseName: "printRandom",
                            Duration: "1.771",
                                                            Status: '<span class="badge badge-danger">FAILURE</span>',
                                                        DT_RowId: "1117553210"
                        },
                                            {
                            Suite: "Random test3",
                            TestRun: "Sorting and string operation",
                            Class: "RandomTest",
                            Groups: "",
                            CaseName: "printRandom",
                            Duration: "1.649",
                                                            Status: '<span class="badge badge-danger">FAILURE</span>',
                                                        DT_RowId: "1052797320"
                        },
                                            {
                            Suite: "Random test3",
                            TestRun: "Sorting and string operation",
                            Class: "RandomTest",
                            Groups: "",
                            CaseName: "printRandom",
                            Duration: "2.002",
                                                            Status: '<span class="badge badge-danger">FAILURE</span>',
                                                        DT_RowId: "1875854858"
                        },
                                            {
                            Suite: "Random test3",
                            TestRun: "Sorting and string operation",
                            Class: "RandomTest",
                            Groups: "",
                            CaseName: "printRandom",
                            Duration: "2.102",
                                                            Status: '<span class="badge badge-danger">FAILURE</span>',
                                                        DT_RowId: "1899076865"
                        },
                                            {
                            Suite: "Random test3",
                            TestRun: "Sorting and string operation",
                            Class: "RandomTest",
                            Groups: "",
                            CaseName: "printRandom",
                            Duration: "1.464",
                                                            Status: '<span class="badge badge-danger">FAILURE</span>',
                                                        DT_RowId: "1461341263"
                        },
                                            {
                            Suite: "Random test3",
                            TestRun: "Sorting and string operation",
                            Class: "RandomTest",
                            Groups: "",
                            CaseName: "printRandom",
                            Duration: "1.727",
                                                            Status: '<span class="badge badge-danger">FAILURE</span>',
                                                        DT_RowId: "1781265165"
                        },
                                            {
                            Suite: "Random test3",
                            TestRun: "Sorting and string operation",
                            Class: "RandomTest",
                            Groups: "",
                            CaseName: "printRandom",
                            Duration: "2.396",
                                                            Status: '<span class="badge badge-danger">FAILURE</span>',
                                                        DT_RowId: "40191016"
                        },
                                            {
                            Suite: "Random test3",
                            TestRun: "Sorting and string operation",
                            Class: "RandomTest",
                            Groups: "",
                            CaseName: "printRandom",
                            Duration: "0.335",
                                                            Status: '<span class="badge badge-success">SUCCESS</span>',
                                                        DT_RowId: "849223786"
                        },
                                            {
                            Suite: "Random test3",
                            TestRun: "Sorting and string operation",
                            Class: "RandomTest",
                            Groups: "",
                            CaseName: "printRandom",
                            Duration: "2.444",
                                                            Status: '<span class="badge badge-danger">FAILURE</span>',
                                                        DT_RowId: "1167223514"
                        },
                                            {
                            Suite: "Random test3",
                            TestRun: "Sorting and string operation",
                            Class: "RandomTest",
                            Groups: "",
                            CaseName: "printRandom",
                            Duration: "1.605",
                                                            Status: '<span class="badge badge-danger">FAILURE</span>',
                                                        DT_RowId: "1845375556"
                        },
                                            {
                            Suite: "Random test3",
                            TestRun: "Sorting and string operation",
                            Class: "RandomTest",
                            Groups: "",
                            CaseName: "printRandom",
                            Duration: "0.377",
                                                            Status: '<span class="badge badge-success">SUCCESS</span>',
                                                        DT_RowId: "711034644"
                        },
                                                                                                            {
                            Suite: "Random test2",
                            TestRun: "Sorting and string operation",
                            Class: "RandomTest",
                            Groups: "",
                            CaseName: "printRandom",
                            Duration: "0.591",
                                                            Status: '<span class="badge badge-success">SUCCESS</span>',
                                                        DT_RowId: "1765764930"
                        },
                                            {
                            Suite: "Random test2",
                            TestRun: "Sorting and string operation",
                            Class: "RandomTest",
                            Groups: "",
                            CaseName: "printRandom",
                            Duration: "2.791",
                                                            Status: '<span class="badge badge-danger">FAILURE</span>',
                                                        DT_RowId: "1068305413"
                        },
                                            {
                            Suite: "Random test2",
                            TestRun: "Sorting and string operation",
                            Class: "RandomTest",
                            Groups: "",
                            CaseName: "printRandom",
                            Duration: "0.214",
                                                            Status: '<span class="badge badge-success">SUCCESS</span>',
                                                        DT_RowId: "601712038"
                        },
                                            {
                            Suite: "Random test2",
                            TestRun: "Sorting and string operation",
                            Class: "RandomTest",
                            Groups: "",
                            CaseName: "printRandom",
                            Duration: "0.825",
                                                            Status: '<span class="badge badge-success">SUCCESS</span>',
                                                        DT_RowId: "94506990"
                        },
                                            {
                            Suite: "Random test2",
                            TestRun: "Sorting and string operation",
                            Class: "RandomTest",
                            Groups: "",
                            CaseName: "printRandom",
                            Duration: "1.516",
                                                            Status: '<span class="badge badge-danger">FAILURE</span>',
                                                        DT_RowId: "401941863"
                        },
                                            {
                            Suite: "Random test2",
                            TestRun: "Sorting and string operation",
                            Class: "RandomTest",
                            Groups: "",
                            CaseName: "printRandom",
                            Duration: "1.445",
                                                            Status: '<span class="badge badge-danger">FAILURE</span>',
                                                        DT_RowId: "1089461944"
                        },
                                            {
                            Suite: "Random test2",
                            TestRun: "Sorting and string operation",
                            Class: "RandomTest",
                            Groups: "",
                            CaseName: "printRandom",
                            Duration: "2.047",
                                                            Status: '<span class="badge badge-danger">FAILURE</span>',
                                                        DT_RowId: "139948886"
                        },
                                            {
                            Suite: "Random test2",
                            TestRun: "Sorting and string operation",
                            Class: "RandomTest",
                            Groups: "",
                            CaseName: "printRandom",
                            Duration: "1.229",
                                                            Status: '<span class="badge badge-danger">FAILURE</span>',
                                                        DT_RowId: "488624333"
                        },
                                            {
                            Suite: "Random test2",
                            TestRun: "Sorting and string operation",
                            Class: "RandomTest",
                            Groups: "",
                            CaseName: "printRandom",
                            Duration: "2.247",
                                                            Status: '<span class="badge badge-danger">FAILURE</span>',
                                                        DT_RowId: "603914260"
                        },
                                            {
                            Suite: "Random test2",
                            TestRun: "Sorting and string operation",
                            Class: "RandomTest",
                            Groups: "",
                            CaseName: "printRandom",
                            Duration: "1.879",
                                                            Status: '<span class="badge badge-danger">FAILURE</span>',
                                                        DT_RowId: "500895949"
                        },
                                            {
                            Suite: "Random test2",
                            TestRun: "Sorting and string operation",
                            Class: "RandomTest",
                            Groups: "",
                            CaseName: "printRandom",
                            Duration: "0.618",
                                                            Status: '<span class="badge badge-success">SUCCESS</span>',
                                                        DT_RowId: "782568931"
                        },
                                            {
                            Suite: "Random test2",
                            TestRun: "Sorting and string operation",
                            Class: "RandomTest",
                            Groups: "",
                            CaseName: "printRandom",
                            Duration: "2.101",
                                                            Status: '<span class="badge badge-danger">FAILURE</span>',
                                                        DT_RowId: "1298082114"
                        },
                                            {
                            Suite: "Random test2",
                            TestRun: "Sorting and string operation",
                            Class: "RandomTest",
                            Groups: "",
                            CaseName: "printRandom",
                            Duration: "0.422",
                                                            Status: '<span class="badge badge-success">SUCCESS</span>',
                                                        DT_RowId: "385580893"
                        },
                                            {
                            Suite: "Random test2",
                            TestRun: "Sorting and string operation",
                            Class: "RandomTest",
                            Groups: "",
                            CaseName: "printRandom",
                            Duration: "0.049",
                                                            Status: '<span class="badge badge-success">SUCCESS</span>',
                                                        DT_RowId: "1407408183"
                        },
                                            {
                            Suite: "Random test2",
                            TestRun: "Sorting and string operation",
                            Class: "RandomTest",
                            Groups: "",
                            CaseName: "printRandom",
                            Duration: "1.986",
                                                            Status: '<span class="badge badge-danger">FAILURE</span>',
                                                        DT_RowId: "1429179837"
                        },
                                            {
                            Suite: "Random test2",
                            TestRun: "Sorting and string operation",
                            Class: "RandomTest",
                            Groups: "",
                            CaseName: "printRandom",
                            Duration: "1.727",
                                                            Status: '<span class="badge badge-danger">FAILURE</span>',
                                                        DT_RowId: "1636739939"
                        },
                                            {
                            Suite: "Random test2",
                            TestRun: "Sorting and string operation",
                            Class: "RandomTest",
                            Groups: "",
                            CaseName: "printRandom",
                            Duration: "0.681",
                                                            Status: '<span class="badge badge-success">SUCCESS</span>',
                                                        DT_RowId: "742531480"
                        },
                                            {
                            Suite: "Random test2",
                            TestRun: "Sorting and string operation",
                            Class: "RandomTest",
                            Groups: "",
                            CaseName: "printRandom",
                            Duration: "0.679",
                                                            Status: '<span class="badge badge-success">SUCCESS</span>',
                                                        DT_RowId: "1697244871"
                        },
                                            {
                            Suite: "Random test2",
                            TestRun: "Sorting and string operation",
                            Class: "RandomTest",
                            Groups: "",
                            CaseName: "printRandom",
                            Duration: "2.729",
                                                            Status: '<span class="badge badge-danger">FAILURE</span>',
                                                        DT_RowId: "1279446458"
                        },
                                            {
                            Suite: "Random test2",
                            TestRun: "Sorting and string operation",
                            Class: "RandomTest",
                            Groups: "",
                            CaseName: "printRandom",
                            Duration: "1.037",
                                                            Status: '<span class="badge badge-success">SUCCESS</span>',
                                                        DT_RowId: "1476633314"
                        },
                                                                                                            {
                            Suite: "Random test1",
                            TestRun: "Sorting and string operation",
                            Class: "RandomTest",
                            Groups: "",
                            CaseName: "printRandom",
                            Duration: "0.513",
                                                            Status: '<span class="badge badge-success">SUCCESS</span>',
                                                        DT_RowId: "1701844635"
                        },
                                            {
                            Suite: "Random test1",
                            TestRun: "Sorting and string operation",
                            Class: "RandomTest",
                            Groups: "",
                            CaseName: "printRandom",
                            Duration: "0.07",
                                                            Status: '<span class="badge badge-success">SUCCESS</span>',
                                                        DT_RowId: "1329974060"
                        },
                                            {
                            Suite: "Random test1",
                            TestRun: "Sorting and string operation",
                            Class: "RandomTest",
                            Groups: "",
                            CaseName: "printRandom",
                            Duration: "0.405",
                                                            Status: '<span class="badge badge-success">SUCCESS</span>',
                                                        DT_RowId: "355524707"
                        },
                                            {
                            Suite: "Random test1",
                            TestRun: "Sorting and string operation",
                            Class: "RandomTest",
                            Groups: "",
                            CaseName: "printRandom",
                            Duration: "0.84",
                                                            Status: '<span class="badge badge-success">SUCCESS</span>',
                                                        DT_RowId: "1356944533"
                        },
                                            {
                            Suite: "Random test1",
                            TestRun: "Sorting and string operation",
                            Class: "RandomTest",
                            Groups: "",
                            CaseName: "printRandom",
                            Duration: "0.807",
                                                            Status: '<span class="badge badge-success">SUCCESS</span>',
                                                        DT_RowId: "893408476"
                        },
                                            {
                            Suite: "Random test1",
                            TestRun: "Sorting and string operation",
                            Class: "RandomTest",
                            Groups: "",
                            CaseName: "printRandom",
                            Duration: "2.964",
                                                            Status: '<span class="badge badge-danger">FAILURE</span>',
                                                        DT_RowId: "1421731315"
                        },
                                            {
                            Suite: "Random test1",
                            TestRun: "Sorting and string operation",
                            Class: "RandomTest",
                            Groups: "",
                            CaseName: "printRandom",
                            Duration: "1.62",
                                                            Status: '<span class="badge badge-danger">FAILURE</span>',
                                                        DT_RowId: "1184642303"
                        },
                                            {
                            Suite: "Random test1",
                            TestRun: "Sorting and string operation",
                            Class: "RandomTest",
                            Groups: "",
                            CaseName: "printRandom",
                            Duration: "1.777",
                                                            Status: '<span class="badge badge-danger">FAILURE</span>',
                                                        DT_RowId: "478385477"
                        },
                                            {
                            Suite: "Random test1",
                            TestRun: "Sorting and string operation",
                            Class: "RandomTest",
                            Groups: "",
                            CaseName: "printRandom",
                            Duration: "2.228",
                                                            Status: '<span class="badge badge-danger">FAILURE</span>',
                                                        DT_RowId: "726848701"
                        },
                                            {
                            Suite: "Random test1",
                            TestRun: "Sorting and string operation",
                            Class: "RandomTest",
                            Groups: "",
                            CaseName: "printRandom",
                            Duration: "2.986",
                                                            Status: '<span class="badge badge-danger">FAILURE</span>',
                                                        DT_RowId: "284896857"
                        },
                                            {
                            Suite: "Random test1",
                            TestRun: "Sorting and string operation",
                            Class: "RandomTest",
                            Groups: "",
                            CaseName: "printRandom",
                            Duration: "1.143",
                                                            Status: '<span class="badge badge-success">SUCCESS</span>',
                                                        DT_RowId: "937937781"
                        },
                                            {
                            Suite: "Random test1",
                            TestRun: "Sorting and string operation",
                            Class: "RandomTest",
                            Groups: "",
                            CaseName: "printRandom",
                            Duration: "1.437",
                                                            Status: '<span class="badge badge-danger">FAILURE</span>',
                                                        DT_RowId: "927877489"
                        },
                                            {
                            Suite: "Random test1",
                            TestRun: "Sorting and string operation",
                            Class: "RandomTest",
                            Groups: "",
                            CaseName: "printRandom",
                            Duration: "2.553",
                                                            Status: '<span class="badge badge-danger">FAILURE</span>',
                                                        DT_RowId: "176456729"
                        },
                                            {
                            Suite: "Random test1",
                            TestRun: "Sorting and string operation",
                            Class: "RandomTest",
                            Groups: "",
                            CaseName: "printRandom",
                            Duration: "2.454",
                                                            Status: '<span class="badge badge-danger">FAILURE</span>',
                                                        DT_RowId: "1128590070"
                        },
                                            {
                            Suite: "Random test1",
                            TestRun: "Sorting and string operation",
                            Class: "RandomTest",
                            Groups: "",
                            CaseName: "printRandom",
                            Duration: "2.519",
                                                            Status: '<span class="badge badge-danger">FAILURE</span>',
                                                        DT_RowId: "1248935304"
                        },
                                            {
                            Suite: "Random test1",
                            TestRun: "Sorting and string operation",
                            Class: "RandomTest",
                            Groups: "",
                            CaseName: "printRandom",
                            Duration: "2.881",
                                                            Status: '<span class="badge badge-danger">FAILURE</span>',
                                                        DT_RowId: "254926966"
                        },
                                            {
                            Suite: "Random test1",
                            TestRun: "Sorting and string operation",
                            Class: "RandomTest",
                            Groups: "",
                            CaseName: "printRandom",
                            Duration: "1.864",
                                                            Status: '<span class="badge badge-danger">FAILURE</span>',
                                                        DT_RowId: "565909957"
                        },
                                            {
                            Suite: "Random test1",
                            TestRun: "Sorting and string operation",
                            Class: "RandomTest",
                            Groups: "",
                            CaseName: "printRandom",
                            Duration: "2.362",
                                                            Status: '<span class="badge badge-danger">FAILURE</span>',
                                                        DT_RowId: "1171014750"
                        },
                                            {
                            Suite: "Random test1",
                            TestRun: "Sorting and string operation",
                            Class: "RandomTest",
                            Groups: "",
                            CaseName: "printRandom",
                            Duration: "2.614",
                                                            Status: '<span class="badge badge-danger">FAILURE</span>',
                                                        DT_RowId: "101891090"
                        },
                                            {
                            Suite: "Random test1",
                            TestRun: "Sorting and string operation",
                            Class: "RandomTest",
                            Groups: "",
                            CaseName: "printRandom",
                            Duration: "1.312",
                                                            Status: '<span class="badge badge-danger">FAILURE</span>',
                                                        DT_RowId: "102813430"
                        },
                                                        ]

        function format(d) {
            return exceptions[d];
        }

        $(document).ready(function () {
            var dt = $('#caseTable').DataTable({
                "data": caseData,
                "processing": true,
                "serverSide": false,
                "columns": [
                    {
                        "class": "details-control",
                        "orderable": false,
                        "data": null,
                        "defaultContent": ""
                    },
                    {"data": "Suite"},
                    {"data": "TestRun"},
                    {"data": "Class"},
                    {"data": "Groups"},
                    {"data": "CaseName"},
                    {"data": "Duration"},
                    {"data": "Status"}
                ],
                "order": [[1, 'asc']]
            });

            // Array to track the ids of the details displayed rows
            var detailRows = [];

            $('#caseTable tbody').on('click', 'tr td.details-control', function () {
                var tr = $(this).closest('tr');
                var row = dt.row(tr);
                var idx = $.inArray(tr.attr('id'), detailRows);
                if (row.child.isShown()) {
                    tr.removeClass('details');
                    row.child.hide();

                    // Remove from the 'open' array
                    detailRows.splice(idx, 1);
                } else {
                    tr.addClass('details');
                    row.child(format(row.id())).show();

                    // Add to the 'open' array
                    if (idx === -1) {
                        detailRows.push(tr.attr('id'));
                    }
                }
            });

            // On each draw, loop over the `detailRows` array and show any child rows
            dt.on('draw', function () {
                $.each(detailRows, function (i, id) {
                    $('#' + id + ' td.details-control').trigger('click');
                });
            });
        });
    </script>
</head>
<body>
<div class="title">
    <span>Test report for product</span>
</div>
<div class="row" id="summary">
    <div class="col-md-1">
    </div>
    <div class="col-md-2 content">
        <h3>Summary</h3>
        <div style="font-size:1.25em;margin-top:30px">
            <p><span>Date:</span> 2020-07-23 14:04:07</p>
            <p><span>Total cases:</span>60</p>
            <p><span>Passed:</span> 23</p>
            <p><span>Failed:</span> 37</p>
            <p><span>Skipped:</span> 0</p>
            <p><span>Duration:</span> 0 h 0 m 12.89 s</p>
        </div>
    </div>
    <div class="col-md-2 content" id="overall">
    </div>
    <script type="text/javascript">
        var myChart = echarts.init(document.getElementById('overall'));
        var option = {
            tooltip: {
                trigger: 'item',
                formatter: '{a} <br/>{b}: {c} ({d}%)'
            },
            legend: {
                orient: 'horizontal',
                left: 10,
                data: ['passed', 'failed', 'skipped']
            },
            series: [
                {
                    name: 'Case number',
                    type: 'pie',
                    radius: ['80%', '40%'],
                    avoidLabelOverlap: false,
                    label: {
                        show: false,
                        position: 'center'
                    },
                    emphasis: {
                        label: {
                            show: true,
                            fontSize: '30',
                            fontWeight: 'bold'
                        }
                    },
                    labelLine: {
                        show: false
                    },
                    data: [
                        {
                            value: 23, name: 'passed', itemStyle: {
                                // 
                                color: 'green'
                            }
                        },
                        {
                            value: 37, name: 'failed', itemStyle: {
                                // 
                                color: '#B22222'
                            }
                        },
                        {
                            value: 0, name: 'skipped', itemStyle: {
                                // 
                                color: 'gray'
                            }
                        }
                    ]
                }
            ]
        };
        myChart.setOption(option);
    </script>
    <div class="col-md-6 content" id="suitesChart">
    </div>
    <div class="col-md-1">
    </div>
    <script type="text/javascript">
        var myChart = echarts.init(document.getElementById('suitesChart'));
        var option = {
            title: {
                text: 'Statistics by suite',
                subtext: ''
            },
            tooltip: {
                trigger: 'axis',
                axisPointer: {
                    type: 'shadow'
                }
            },
            legend: {
                data: ['passed', 'failed', 'skipped']
            },
            grid: {
                left: 100
            },
            toolbox: {
                show: true,
                feature: {
                    saveAsImage: {}
                }
            },
            xAxis: {
                type: 'value',
                boundaryGap: [0, 0.01]
            },
            yAxis: {
                type: 'category',

                data: [
                                            'Random test3',
                                            'Random test2',
                                            'Random test1',
                                    ]
            },
            series: [
                {
                    name: 'pass',
                    type: 'bar',
                    data: [
                                                        8,
                                                        9,
                                                        6,
                                            ],
                    barWidth: 25,
                    itemStyle: {
                        // 
                        color: 'green'
                    }
                },
                {
                    name: 'fail',
                    type: 'bar',
                    data: [
                                                        12,
                                                        11,
                                                        14,
                                            ],
                    barWidth: 25,
                    itemStyle: {
                        // 
                        color: '#B22222'
                    }
                },
                {
                    name: 'skipp',
                    type: 'bar',
                    data: [
                                                        0,
                                                        0,
                                                        0,
                                            ], barWidth: 25,
                    itemStyle: {
                        // 
                        color: 'gray'
                    }
                }
            ]
        };
        myChart.setOption(option);
    </script>
</div>
<div class="row">
    <div class="col-md-1">
    </div>
    <div class="col-md-10 content">
        <div class="table-responsive">
            <h3>Executed cases</h3>
            <table class="display" id="caseTable">
                <thead>
                <tr>
                    <th></th>
                    <th>Suite</th>
                    <th>TestRun</th>
                    <th>Class</th>
                    <th>Groups</th>
                    <th>CaseName</th>
                    <th>Duration</th>
                    <th class="filter">Status</th>
                </tr>
                </thead>
            </table>
        </div>
    </div>
    <div class="col-md-1">
    </div>
</div>
</body>
</html>
